c:\users\admin\downloads\vis1\visualisierung1_vs2013\tmp\win32\debug\vc120.pdb
c:\users\admin\downloads\vis1\visualisierung1_vs2013\tmp\win32\debug\vc120.idb
c:\users\admin\downloads\vis1\visualisierung1_vs2013\tmp\win32\debug\moc_mainwindow.obj
c:\users\admin\downloads\vis1\visualisierung1_vs2013\tmp\win32\debug\moc_myscene.obj
c:\users\admin\downloads\vis1\visualisierung1_vs2013\tmp\win32\debug\mylabel.obj
c:\users\admin\downloads\vis1\visualisierung1_vs2013\tmp\win32\debug\main.obj
c:\users\admin\downloads\vis1\visualisierung1_vs2013\tmp\win32\debug\mainwindow.obj
c:\users\admin\downloads\vis1\visualisierung1_vs2013\tmp\win32\debug\multiset.obj
c:\users\admin\downloads\vis1\visualisierung1_vs2013\tmp\win32\debug\myscene.obj
c:\users\admin\downloads\vis1\visualisierung1_vs2013\tmp\win32\debug\vector.obj
c:\users\admin\downloads\vis1\visualisierung1_vs2013\tmp\win32\debug\vectorfield.obj
c:\users\admin\downloads\vis1\visualisierung1_vs2013\tmp\win32\debug\volume.obj
c:\users\admin\downloads\vis1\visualisierung1_vs2013\tmp\win32\debug\moc_myline.obj
c:\users\admin\downloads\vis1\visualisierung1_vs2013\generated\moc_mainwindow.cpp
c:\users\admin\downloads\vis1\visualisierung1_vs2013\generated\moc_myscene.cpp
c:\users\admin\downloads\vis1\visualisierung1_vs2013\generated\ui_mainwindow.h
c:\users\admin\downloads\vis1\visualisierung1_vs2013\generated\moc_myline.cpp
c:\users\admin\downloads\vis1\visualisierung1_vs2013\bin\win32\debug\visualisierung1.ilk
c:\users\admin\downloads\vis1\visualisierung1_vs2013\bin\win32\debug\visualisierung1.exe
c:\users\admin\downloads\vis1\visualisierung1_vs2013\bin\win32\debug\visualisierung1.pdb
c:\users\admin\downloads\vis1\visualisierung1_vs2013\tmp\win32\debug\visualisierung1.tlog\cl.command.1.tlog
c:\users\admin\downloads\vis1\visualisierung1_vs2013\tmp\win32\debug\visualisierung1.tlog\cl.read.1.tlog
c:\users\admin\downloads\vis1\visualisierung1_vs2013\tmp\win32\debug\visualisierung1.tlog\cl.write.1.tlog
c:\users\admin\downloads\vis1\visualisierung1_vs2013\tmp\win32\debug\visualisierung1.tlog\custombuild.command.1.tlog
c:\users\admin\downloads\vis1\visualisierung1_vs2013\tmp\win32\debug\visualisierung1.tlog\custombuild.read.1.tlog
c:\users\admin\downloads\vis1\visualisierung1_vs2013\tmp\win32\debug\visualisierung1.tlog\custombuild.write.1.tlog
c:\users\admin\downloads\vis1\visualisierung1_vs2013\tmp\win32\debug\visualisierung1.tlog\link.command.1.tlog
c:\users\admin\downloads\vis1\visualisierung1_vs2013\tmp\win32\debug\visualisierung1.tlog\link.read.1.tlog
c:\users\admin\downloads\vis1\visualisierung1_vs2013\tmp\win32\debug\visualisierung1.tlog\link.write.1.tlog
